0 info it worked if it ends with ok
1 verbose cli [ 'E:\\dev\\nodejs\\node.exe',
1 verbose cli   'E:\\dev\\nodejs\\node_modules\\npm\\bin\\npm-cli.js',
1 verbose cli   'install',
1 verbose cli   '-g',
1 verbose cli   'gulp',
1 verbose cli   'grunt-cli',
1 verbose cli   'npm-check-update' ]
2 info using npm@3.3.12
3 info using node@v5.1.0
4 silly loadCurrentTree Starting
5 silly install loadCurrentTree
6 silly install readGlobalPackageData
7 silly fetchPackageMetaData gulp
8 silly fetchPackageMetaData grunt-cli
9 silly fetchPackageMetaData npm-check-update
10 silly fetchNamedPackageData gulp
11 silly mapToRegistry name gulp
12 silly mapToRegistry using default registry
13 silly mapToRegistry registry https://registry.npmjs.org/
14 silly mapToRegistry uri https://registry.npmjs.org/gulp
15 silly fetchNamedPackageData grunt-cli
16 silly mapToRegistry name grunt-cli
17 silly mapToRegistry using default registry
18 silly mapToRegistry registry https://registry.npmjs.org/
19 silly mapToRegistry uri https://registry.npmjs.org/grunt-cli
20 silly fetchNamedPackageData npm-check-update
21 silly mapToRegistry name npm-check-update
22 silly mapToRegistry using default registry
23 silly mapToRegistry registry https://registry.npmjs.org/
24 silly mapToRegistry uri https://registry.npmjs.org/npm-check-update
25 verbose request uri https://registry.npmjs.org/gulp
26 verbose request no auth needed
27 info attempt registry request try #1 at 01:03:44
28 verbose request id c507bb492f83e539
29 http request GET https://registry.npmjs.org/gulp
30 verbose request uri https://registry.npmjs.org/grunt-cli
31 verbose request no auth needed
32 info attempt registry request try #1 at 01:03:44
33 http request GET https://registry.npmjs.org/grunt-cli
34 verbose request uri https://registry.npmjs.org/npm-check-update
35 verbose request no auth needed
36 info attempt registry request try #1 at 01:03:44
37 http request GET https://registry.npmjs.org/npm-check-update
38 http 200 https://registry.npmjs.org/grunt-cli
39 verbose headers { server: 'CouchDB/1.5.0 (Erlang OTP/R16B03)',
39 verbose headers   etag: '"8J6KM9EOFVCVYNMZMV9UC5EVT"',
39 verbose headers   'content-type': 'application/json',
39 verbose headers   'cache-control': 'max-age=300',
39 verbose headers   'content-length': '22012',
39 verbose headers   'accept-ranges': 'bytes',
39 verbose headers   date: 'Thu, 17 Dec 2015 17:03:44 GMT',
39 verbose headers   via: '1.1 varnish',
39 verbose headers   age: '28',
39 verbose headers   connection: 'keep-alive',
39 verbose headers   'x-served-by': 'cache-hkg6823-HKG',
39 verbose headers   'x-cache': 'HIT',
39 verbose headers   'x-cache-hits': '1',
39 verbose headers   'x-timer': 'S1450371824.850326,VS0,VE0',
39 verbose headers   vary: 'Accept' }
40 silly get cb [ 200,
40 silly get   { server: 'CouchDB/1.5.0 (Erlang OTP/R16B03)',
40 silly get     etag: '"8J6KM9EOFVCVYNMZMV9UC5EVT"',
40 silly get     'content-type': 'application/json',
40 silly get     'cache-control': 'max-age=300',
40 silly get     'content-length': '22012',
40 silly get     'accept-ranges': 'bytes',
40 silly get     date: 'Thu, 17 Dec 2015 17:03:44 GMT',
40 silly get     via: '1.1 varnish',
40 silly get     age: '28',
40 silly get     connection: 'keep-alive',
40 silly get     'x-served-by': 'cache-hkg6823-HKG',
40 silly get     'x-cache': 'HIT',
40 silly get     'x-cache-hits': '1',
40 silly get     'x-timer': 'S1450371824.850326,VS0,VE0',
40 silly get     vary: 'Accept' } ]
41 verbose get saving grunt-cli to C:\Users\nicol\AppData\Roaming\npm-cache\registry.npmjs.org\grunt-cli\.cache.json
42 http 200 https://registry.npmjs.org/gulp
43 verbose headers { server: 'CouchDB/1.5.0 (Erlang OTP/R16B03)',
43 verbose headers   etag: '"A7KNX6SVJ5HBVTYL4D8G4TKH3"',
43 verbose headers   'content-type': 'application/json',
43 verbose headers   'cache-control': 'max-age=300',
43 verbose headers   'content-length': '108687',
43 verbose headers   'accept-ranges': 'bytes',
43 verbose headers   date: 'Thu, 17 Dec 2015 17:03:44 GMT',
43 verbose headers   via: '1.1 varnish',
43 verbose headers   age: '110',
43 verbose headers   connection: 'keep-alive',
43 verbose headers   'x-served-by': 'cache-hkg6827-HKG',
43 verbose headers   'x-cache': 'HIT',
43 verbose headers   'x-cache-hits': '1',
43 verbose headers   'x-timer': 'S1450371824.862683,VS0,VE0',
43 verbose headers   vary: 'Accept' }
44 silly get cb [ 200,
44 silly get   { server: 'CouchDB/1.5.0 (Erlang OTP/R16B03)',
44 silly get     etag: '"A7KNX6SVJ5HBVTYL4D8G4TKH3"',
44 silly get     'content-type': 'application/json',
44 silly get     'cache-control': 'max-age=300',
44 silly get     'content-length': '108687',
44 silly get     'accept-ranges': 'bytes',
44 silly get     date: 'Thu, 17 Dec 2015 17:03:44 GMT',
44 silly get     via: '1.1 varnish',
44 silly get     age: '110',
44 silly get     connection: 'keep-alive',
44 silly get     'x-served-by': 'cache-hkg6827-HKG',
44 silly get     'x-cache': 'HIT',
44 silly get     'x-cache-hits': '1',
44 silly get     'x-timer': 'S1450371824.862683,VS0,VE0',
44 silly get     vary: 'Accept' } ]
45 verbose get saving gulp to C:\Users\nicol\AppData\Roaming\npm-cache\registry.npmjs.org\gulp\.cache.json
46 http 404 https://registry.npmjs.org/npm-check-update
47 verbose headers { 'content-type': 'application/json',
47 verbose headers   'cache-control': 'max-age=0',
47 verbose headers   'content-length': '2',
47 verbose headers   'accept-ranges': 'bytes',
47 verbose headers   date: 'Thu, 17 Dec 2015 17:03:45 GMT',
47 verbose headers   via: '1.1 varnish',
47 verbose headers   age: '0',
47 verbose headers   connection: 'keep-alive',
47 verbose headers   'x-served-by': 'cache-hkg6822-HKG',
47 verbose headers   'x-cache': 'MISS',
47 verbose headers   'x-cache-hits': '0',
47 verbose headers   'x-timer': 'S1450371824.777825,VS0,VE786' }
48 silly get cb [ 404,
48 silly get   { 'content-type': 'application/json',
48 silly get     'cache-control': 'max-age=0',
48 silly get     'content-length': '2',
48 silly get     'accept-ranges': 'bytes',
48 silly get     date: 'Thu, 17 Dec 2015 17:03:45 GMT',
48 silly get     via: '1.1 varnish',
48 silly get     age: '0',
48 silly get     connection: 'keep-alive',
48 silly get     'x-served-by': 'cache-hkg6822-HKG',
48 silly get     'x-cache': 'MISS',
48 silly get     'x-cache-hits': '0',
48 silly get     'x-timer': 'S1450371824.777825,VS0,VE786' } ]
49 silly fetchPackageMetaData Error: Registry returned 404 for GET on https://registry.npmjs.org/npm-check-update
49 silly fetchPackageMetaData     at makeError (E:\dev\nodejs\node_modules\npm\node_modules\npm-registry-client\lib\request.js:264:12)
49 silly fetchPackageMetaData     at CachingRegistryClient.<anonymous> (E:\dev\nodejs\node_modules\npm\node_modules\npm-registry-client\lib\request.js:242:14)
49 silly fetchPackageMetaData     at Request._callback (E:\dev\nodejs\node_modules\npm\node_modules\npm-registry-client\lib\request.js:172:14)
49 silly fetchPackageMetaData     at Request.self.callback (E:\dev\nodejs\node_modules\npm\node_modules\request\request.js:198:22)
49 silly fetchPackageMetaData     at emitTwo (events.js:87:13)
49 silly fetchPackageMetaData     at Request.emit (events.js:172:7)
49 silly fetchPackageMetaData     at Request.<anonymous> (E:\dev\nodejs\node_modules\npm\node_modules\request\request.js:1082:10)
49 silly fetchPackageMetaData     at emitOne (events.js:82:20)
49 silly fetchPackageMetaData     at Request.emit (events.js:169:7)
49 silly fetchPackageMetaData     at IncomingMessage.<anonymous> (E:\dev\nodejs\node_modules\npm\node_modules\request\request.js:1009:12)
49 silly fetchPackageMetaData  error for npm-check-update { [Error: Registry returned 404 for GET on https://registry.npmjs.org/npm-check-update] pkgid: 'npm-check-update', statusCode: 404, code: 'E404' }
50 silly rollbackFailedOptional Starting
51 silly rollbackFailedOptional Finishing
52 silly runTopLevelLifecycles Starting
53 silly runTopLevelLifecycles Finishing
54 silly install printInstalled
55 verbose stack Error: Registry returned 404 for GET on https://registry.npmjs.org/npm-check-update
55 verbose stack     at makeError (E:\dev\nodejs\node_modules\npm\node_modules\npm-registry-client\lib\request.js:264:12)
55 verbose stack     at CachingRegistryClient.<anonymous> (E:\dev\nodejs\node_modules\npm\node_modules\npm-registry-client\lib\request.js:242:14)
55 verbose stack     at Request._callback (E:\dev\nodejs\node_modules\npm\node_modules\npm-registry-client\lib\request.js:172:14)
55 verbose stack     at Request.self.callback (E:\dev\nodejs\node_modules\npm\node_modules\request\request.js:198:22)
55 verbose stack     at emitTwo (events.js:87:13)
55 verbose stack     at Request.emit (events.js:172:7)
55 verbose stack     at Request.<anonymous> (E:\dev\nodejs\node_modules\npm\node_modules\request\request.js:1082:10)
55 verbose stack     at emitOne (events.js:82:20)
55 verbose stack     at Request.emit (events.js:169:7)
55 verbose stack     at IncomingMessage.<anonymous> (E:\dev\nodejs\node_modules\npm\node_modules\request\request.js:1009:12)
56 verbose statusCode 404
57 verbose pkgid npm-check-update
58 verbose cwd E:\Workspace\caritathelp-web
59 error Windows_NT 10.0.10586
60 error argv "E:\\dev\\nodejs\\node.exe" "E:\\dev\\nodejs\\node_modules\\npm\\bin\\npm-cli.js" "install" "-g" "gulp" "grunt-cli" "npm-check-update"
61 error node v5.1.0
62 error npm  v3.3.12
63 error code E404
64 error 404 Registry returned 404 for GET on https://registry.npmjs.org/npm-check-update
64 error 404
64 error 404 'npm-check-update' is not in the npm registry.
64 error 404 You should bug the author to publish it (or use the name yourself!)
64 error 404
64 error 404 Note that you can also install from a
64 error 404 tarball, folder, http url, or git url.
65 verbose exit [ 1, true ]
